app/build/intermediates/manifest_merge_blame_file/debug/manifest-merger-blame-debug-report.txt
1<?xml version="1.0" encoding="utf-8"?>
2<manifest xmlns:android="http://schemas.android.com/apk/res/android"
3    package="com.example.maoyan"
4    android:versionCode="1"
5    android:versionName="1.0" >
6
7    <uses-sdk
8        android:minSdkVersion="26"
8-->src\main\AndroidManifest.xml
9        android:targetSdkVersion="30" />
9-->src\main\AndroidManifest.xml
10
11    <uses-permission android:name="android.permission.INTERNET" />
11-->src\main\AndroidManifest.xml:5:5-67
11-->src\main\AndroidManifest.xml:5:22-64
12
13    <application
13-->src\main\AndroidManifest.xml:7:5-48:19
14        android:allowBackup="true"
14-->src\main\AndroidManifest.xml:8:9-35
15        android:appComponentFactory="androidx.core.app.CoreComponentFactory"
15-->[androidx.core:core:1.1.0] AndroidManifest.xml:24:18-86
16        android:debuggable="true"
17        android:extractNativeLibs="false"
18        android:icon="@mipmap/ic_launcher"
18-->src\main\AndroidManifest.xml:9:9-43
19        android:label="@string/app_name"
19-->src\main\AndroidManifest.xml:10:9-41
20        android:roundIcon="@mipmap/ic_launcher_round"
20-->src\main\AndroidManifest.xml:11:9-54
21        android:supportsRtl="true"
21-->src\main\AndroidManifest.xml:12:9-35
22        android:testOnly="true"
23        android:theme="@style/AppTheme" >
23-->src\main\AndroidManifest.xml:13:9-40
24        <activity
24-->src\main\AndroidManifest.xml:14:9-16:58
25            android:name="com.example.maoyan.Activity.SeatActivity"
25-->src\main\AndroidManifest.xml:15:13-50
26            android:theme="@style/fullScreen" />
26-->src\main\AndroidManifest.xml:16:13-46
27        <activity
27-->src\main\AndroidManifest.xml:17:9-19:49
28            android:name="com.example.maoyan.Activity.ReserveActivity"
28-->src\main\AndroidManifest.xml:18:13-53
29            android:theme="@style/fullScreen" />
29-->src\main\AndroidManifest.xml:19:13-46
30        <activity
30-->src\main\AndroidManifest.xml:20:9-22:49
31            android:name="com.example.maoyan.Activity.ToBeShownDetailActivity"
31-->src\main\AndroidManifest.xml:21:13-61
32            android:theme="@style/fullScreen" />
32-->src\main\AndroidManifest.xml:22:13-46
33        <activity
33-->src\main\AndroidManifest.xml:23:9-25:49
34            android:name="com.example.maoyan.Activity.HotDetailActivity"
34-->src\main\AndroidManifest.xml:24:13-55
35            android:theme="@style/fullScreen" />
35-->src\main\AndroidManifest.xml:25:13-46
36        <activity
36-->src\main\AndroidManifest.xml:26:9-28:49
37            android:name="com.example.maoyan.Activity.RegisterActivity"
37-->src\main\AndroidManifest.xml:27:13-54
38            android:theme="@style/fullScreen" />
38-->src\main\AndroidManifest.xml:28:13-46
39        <activity
39-->src\main\AndroidManifest.xml:29:9-33:20
40            android:name="com.example.maoyan.Activity.LoginActivity"
40-->src\main\AndroidManifest.xml:30:13-51
41            android:theme="@style/fullScreen" >
41-->src\main\AndroidManifest.xml:31:13-46
42        </activity>
43        <activity
43-->src\main\AndroidManifest.xml:34:9-42:20
44            android:name="com.example.maoyan.Activity.StartActivity"
44-->src\main\AndroidManifest.xml:35:13-51
45            android:theme="@style/fullScreen" >
45-->src\main\AndroidManifest.xml:36:13-46
46            <intent-filter>
46-->src\main\AndroidManifest.xml:37:13-41:29
47                <action android:name="android.intent.action.MAIN" />
47-->src\main\AndroidManifest.xml:38:17-69
47-->src\main\AndroidManifest.xml:38:25-66
48
49                <category android:name="android.intent.category.LAUNCHER" />
49-->src\main\AndroidManifest.xml:40:17-77
49-->src\main\AndroidManifest.xml:40:27-74
50            </intent-filter>
51        </activity>
52        <activity
52-->src\main\AndroidManifest.xml:43:9-47:20
53            android:name="com.example.maoyan.Activity.MainActivity"
53-->src\main\AndroidManifest.xml:44:13-50
54            android:theme="@style/fullScreen" >
54-->src\main\AndroidManifest.xml:45:13-46
55        </activity>
56    </application>
57
58</manifest>